SF:lib\src\data\datasources\auth_remote_ds.dart
DA:13,1
DA:14,1
DA:16,2
DA:18,1
DA:19,0
DA:20,0
DA:25,0
DA:28,0
DA:31,0
DA:34,0
DA:37,0
DA:39,0
DA:42,0
DA:45,0
DA:46,0
LF:15
LH:4
end_of_record
SF:lib\auth_module.dart
DA:14,0
DA:16,0
DA:17,0
DA:19,0
DA:20,0
DA:22,0
DA:23,0
DA:24,0
DA:25,0
DA:26,0
DA:30,0
DA:31,0
DA:33,0
DA:34,0
LF:14
LH:0
end_of_record
SF:lib\src\data\datasources\auth_local_ds.dart
DA:13,0
DA:14,0
DA:16,0
DA:20,0
DA:23,0
DA:26,0
DA:28,0
LF:7
LH:0
end_of_record
SF:lib\src\data\repositories\auth_repository_impl.dart
DA:11,1
DA:17,0
DA:19,0
DA:21,0
DA:22,0
DA:23,0
DA:24,0
DA:26,0
DA:31,0
DA:32,0
DA:33,0
DA:34,0
DA:40,0
DA:41,0
DA:42,0
DA:43,0
DA:48,0
DA:50,0
DA:53,1
DA:54,2
DA:56,2
DA:58,2
DA:60,2
DA:64,2
DA:67,2
DA:71,1
DA:72,3
DA:73,0
DA:76,2
DA:78,2
DA:82,1
DA:83,3
DA:86,0
DA:88,2
LF:34
LH:15
end_of_record
SF:lib\src\domain\use_case\check_loggedin_usecase.dart
DA:7,0
DA:8,0
DA:9,0
LF:3
LH:0
end_of_record
SF:lib\src\domain\use_case\login_use_case.dart
DA:7,0
DA:8,0
DA:12,0
DA:14,0
DA:16,0
DA:17,0
DA:18,0
DA:20,0
DA:21,0
DA:22,0
LF:10
LH:0
end_of_record
SF:lib\src\domain\entities\token_entity.dart
DA:5,0
LF:1
LH:0
end_of_record
SF:lib\src\presentation\cubit\auth\auth_state.dart
DA:10,2
LF:1
LH:1
end_of_record
SF:lib\src\presentation\cubit\auth\auth_cubit.dart
DA:9,3
DA:11,1
DA:12,4
DA:13,2
DA:14,1
DA:15,5
DA:16,1
DA:18,1
DA:19,3
DA:25,1
DA:26,3
LF:11
LH:11
end_of_record
SF:lib\src\presentation\pages\login\cubit\login_state.dart
DA:5,5
DA:13,10
DA:14,5
DA:15,5
DA:20,4
DA:21,10
LF:6
LH:6
end_of_record
SF:lib\src\presentation\pages\login\cubit\login_cubit.dart
DA:10,9
DA:13,2
DA:14,2
DA:15,2
DA:16,6
DA:20,1
DA:21,4
DA:22,1
DA:23,3
DA:30,1
DA:31,4
DA:32,1
DA:33,3
DA:40,2
DA:41,2
DA:42,2
DA:43,6
DA:47,3
DA:48,12
DA:49,6
DA:50,12
DA:52,3
DA:53,10
DA:54,15
LF:24
LH:24
end_of_record
SF:lib\src\presentation\pages\login\login.dart
DA:13,2
DA:15,2
DA:17,2
DA:18,6
DA:27,10
DA:29,4
DA:31,4
DA:32,2
DA:33,4
DA:34,2
DA:35,4
DA:36,4
DA:37,2
DA:38,2
DA:42,4
DA:43,1
DA:45,1
DA:51,4
DA:52,4
DA:54,4
DA:56,4
DA:57,4
DA:59,8
DA:60,4
DA:61,4
DA:62,4
DA:64,4
DA:65,4
DA:66,4
DA:67,4
DA:68,4
DA:69,4
DA:71,4
DA:75,4
DA:77,4
DA:95,8
DA:97,0
DA:99,4
DA:100,4
DA:106,4
DA:108,8
DA:109,2
DA:110,4
DA:111,6
DA:115,8
DA:116,3
DA:117,6
DA:118,9
DA:122,4
DA:125,4
DA:127,4
DA:129,4
DA:130,4
DA:131,4
DA:132,4
DA:133,4
DA:134,4
DA:135,4
LF:58
LH:57
end_of_record
SF:lib\src\presentation\pages\login\widgets\username_input.dart
DA:4,4
DA:7,4
DA:9,4
DA:11,4
DA:12,4
DA:13,4
DA:15,4
DA:16,4
DA:17,12
DA:19,4
DA:22,4
DA:24,2
DA:27,1
DA:28,2
LF:14
LH:14
end_of_record
SF:lib\src\presentation\pages\login\widgets\input_password.dart
DA:4,4
DA:7,4
DA:10,4
DA:12,4
DA:13,4
DA:14,4
DA:16,4
DA:18,16
DA:19,4
DA:22,4
DA:23,2
DA:25,4
DA:26,4
DA:27,4
DA:31,2
DA:32,4
LF:16
LH:16
end_of_record
SF:lib\src\presentation\pages\login\widgets\login_error_dialog.dart
DA:4,8
DA:6,1
DA:8,1
DA:14,0
DA:15,0
LF:5
LH:3
end_of_record
SF:lib\src\presentation\pages\login\widgets\login_button.dart
DA:4,8
DA:6,0
DA:8,4
DA:10,4
DA:11,4
DA:12,4
DA:14,4
DA:16,16
DA:17,4
DA:19,1
DA:20,2
DA:22,4
DA:25,12
LF:13
LH:12
end_of_record
